jrmfrplib/build/outputs/logs/manifest-merger-debug-report.txt
-- Merging decision tree log ---
manifest
ADDED from src\main\AndroidManifest.xml:2:1-134:12
INJECTED from src\main\AndroidManifest.xml:2:1-134:12
INJECTED from src\main\AndroidManifest.xml:2:1-134:12
INJECTED from src\main\AndroidManifest.xml:2:1-134:12
INJECTED from src\main\AndroidManifest.xml:2:1-134:12
INJECTED from src\main\AndroidManifest.xml:2:1-134:12
INJECTED from src\main\AndroidManifest.xml:2:1-134:12
	package
		ADDED from src\main\AndroidManifest.xml:3:11-38
		INJECTED from src\main\AndroidManifest.xml
		INJECTED from src\main\AndroidManifest.xml
	android:versionName
		INJECTED from src\main\AndroidManifest.xml
		ADDED from src\main\AndroidManifest.xml:2:1-134:12
		INJECTED from src\main\AndroidManifest.xml
	android:versionCode
		INJECTED from src\main\AndroidManifest.xml
		ADDED from src\main\AndroidManifest.xml:2:1-134:12
		INJECTED from src\main\AndroidManifest.xml
	xmlns:android
		ADDED from src\main\AndroidManifest.xml:2:11-69
uses-permission#android.permission.INTERNET
ADDED from src\main\AndroidManifest.xml:5:5-66
	android:name
		ADDED from src\main\AndroidManifest.xml:5:22-64
uses-permission#android.permission.ACCESS_NETWORK_STATE
ADDED from src\main\AndroidManifest.xml:6:5-78
	android:name
		ADDED from src\main\AndroidManifest.xml:6:22-76
uses-permission#android.permission.ACCESS_WIFI_STATE
ADDED from src\main\AndroidManifest.xml:7:5-75
	android:name
		ADDED from src\main\AndroidManifest.xml:7:22-73
uses-permission#android.permission.WRITE_EXTERNAL_STORAGE
ADDED from src\main\AndroidManifest.xml:9:5-80
	android:name
		ADDED from src\main\AndroidManifest.xml:9:22-78
uses-permission#android.permission.READ_EXTERNAL_STORAGE
ADDED from src\main\AndroidManifest.xml:10:5-79
	android:name
		ADDED from src\main\AndroidManifest.xml:10:22-77
application
ADDED from src\main\AndroidManifest.xml:12:5-132:19
activity#com.jrmf360.rplib.ui.OpenRpActivity
ADDED from src\main\AndroidManifest.xml:14:9-18:56
	android:launchMode
		ADDED from src\main\AndroidManifest.xml:17:13-44
	android:configChanges
		ADDED from src\main\AndroidManifest.xml:16:13-74
	android:theme
		ADDED from src\main\AndroidManifest.xml:18:13-54
	android:name
		ADDED from src\main\AndroidManifest.xml:15:13-63
activity#com.jrmf360.rplib.ui.PayTypeActivity
ADDED from src\main\AndroidManifest.xml:20:9-24:51
	android:launchMode
		ADDED from src\main\AndroidManifest.xml:23:13-44
	android:configChanges
		ADDED from src\main\AndroidManifest.xml:22:13-74
	android:theme
		ADDED from src\main\AndroidManifest.xml:24:13-49
	android:name
		ADDED from src\main\AndroidManifest.xml:21:13-64
activity#com.jrmf360.rplib.ui.TransPayActivity
ADDED from src\main\AndroidManifest.xml:26:9-31:57
	android:launchMode
		ADDED from src\main\AndroidManifest.xml:29:13-44
	android:windowSoftInputMode
		ADDED from src\main\AndroidManifest.xml:31:13-55
	android:configChanges
		ADDED from src\main\AndroidManifest.xml:28:13-74
	android:theme
		ADDED from src\main\AndroidManifest.xml:30:13-49
	android:name
		ADDED from src\main\AndroidManifest.xml:27:13-65
activity#com.jrmf360.rplib.ui.ShowDialogActivity
ADDED from src\main\AndroidManifest.xml:33:9-37:51
	android:launchMode
		ADDED from src\main\AndroidManifest.xml:36:13-44
	android:configChanges
		ADDED from src\main\AndroidManifest.xml:35:13-74
	android:theme
		ADDED from src\main\AndroidManifest.xml:37:13-49
	android:name
		ADDED from src\main\AndroidManifest.xml:34:13-67
activity#com.jrmf360.rplib.ui.EnBrowserActivity
ADDED from src\main\AndroidManifest.xml:39:9-41:76
	android:configChanges
		ADDED from src\main\AndroidManifest.xml:41:13-74
	android:name
		ADDED from src\main\AndroidManifest.xml:40:13-66
activity#com.jrmf360.rplib.ui.CertificationActivity
ADDED from src\main\AndroidManifest.xml:43:9-45:76
	android:configChanges
		ADDED from src\main\AndroidManifest.xml:45:13-74
	android:name
		ADDED from src\main\AndroidManifest.xml:44:13-70
activity#com.jrmf360.rplib.ui.AddCardActivity
ADDED from src\main\AndroidManifest.xml:47:9-49:76
	android:configChanges
		ADDED from src\main\AndroidManifest.xml:49:13-74
	android:name
		ADDED from src\main\AndroidManifest.xml:48:13-64
activity#com.jrmf360.rplib.ui.AddCardFirsstActivity
ADDED from src\main\AndroidManifest.xml:51:9-53:76
	android:configChanges
		ADDED from src\main\AndroidManifest.xml:53:13-74
	android:name
		ADDED from src\main\AndroidManifest.xml:52:13-70
activity#com.jrmf360.rplib.ui.AddCardSecondActivity
ADDED from src\main\AndroidManifest.xml:55:9-57:76
	android:configChanges
		ADDED from src\main\AndroidManifest.xml:57:13-74
	android:name
		ADDED from src\main\AndroidManifest.xml:56:13-70
activity#com.jrmf360.rplib.ui.BankCardListActivity
ADDED from src\main\AndroidManifest.xml:59:9-61:76
	android:configChanges
		ADDED from src\main\AndroidManifest.xml:61:13-74
	android:name
		ADDED from src\main\AndroidManifest.xml:60:13-69
activity#com.jrmf360.rplib.ui.TradeDetailActivity
ADDED from src\main\AndroidManifest.xml:63:9-65:76
	android:configChanges
		ADDED from src\main\AndroidManifest.xml:65:13-74
	android:name
		ADDED from src\main\AndroidManifest.xml:64:13-68
activity#com.jrmf360.rplib.ui.CheckUserInfoActivity
ADDED from src\main\AndroidManifest.xml:67:9-69:76
	android:configChanges
		ADDED from src\main\AndroidManifest.xml:69:13-74
	android:name
		ADDED from src\main\AndroidManifest.xml:68:13-70
activity#com.jrmf360.rplib.ui.SendGroupEnvelopesActivity
ADDED from src\main\AndroidManifest.xml:71:9-73:76
	android:configChanges
		ADDED from src\main\AndroidManifest.xml:73:13-74
	android:name
		ADDED from src\main\AndroidManifest.xml:72:13-75
activity#com.jrmf360.rplib.ui.SendSingleEnvelopesActivity
ADDED from src\main\AndroidManifest.xml:75:9-77:76
	android:configChanges
		ADDED from src\main\AndroidManifest.xml:77:13-74
	android:name
		ADDED from src\main\AndroidManifest.xml:76:13-76
activity#com.jrmf360.rplib.ui.SettingPswdActivity
ADDED from src\main\AndroidManifest.xml:79:9-81:76
	android:configChanges
		ADDED from src\main\AndroidManifest.xml:81:13-74
	android:name
		ADDED from src\main\AndroidManifest.xml:80:13-68
activity#com.jrmf360.rplib.ui.RpDetailActivity
ADDED from src\main\AndroidManifest.xml:83:9-85:76
	android:configChanges
		ADDED from src\main\AndroidManifest.xml:85:13-74
	android:name
		ADDED from src\main\AndroidManifest.xml:84:13-65
activity#com.jrmf360.rplib.ui.MyRpActivity
ADDED from src\main\AndroidManifest.xml:87:9-89:76
	android:configChanges
		ADDED from src\main\AndroidManifest.xml:89:13-74
	android:name
		ADDED from src\main\AndroidManifest.xml:88:13-61
activity#com.jrmf360.rplib.ui.CheckAuthActivity
ADDED from src\main\AndroidManifest.xml:91:9-93:76
	android:configChanges
		ADDED from src\main\AndroidManifest.xml:93:13-74
	android:name
		ADDED from src\main\AndroidManifest.xml:92:13-66
activity#com.jrmf360.rplib.ui.ResetPwdActivity
ADDED from src\main\AndroidManifest.xml:95:9-97:76
	android:configChanges
		ADDED from src\main\AndroidManifest.xml:97:13-74
	android:name
		ADDED from src\main\AndroidManifest.xml:96:13-65
activity#com.jrmf360.rplib.ui.TransAccountActivity
ADDED from src\main\AndroidManifest.xml:99:9-101:76
	android:configChanges
		ADDED from src\main\AndroidManifest.xml:101:13-74
	android:name
		ADDED from src\main\AndroidManifest.xml:100:13-69
activity#com.jrmf360.rplib.ui.TransSuccActivity
ADDED from src\main\AndroidManifest.xml:103:9-105:76
	android:configChanges
		ADDED from src\main\AndroidManifest.xml:105:13-74
	android:name
		ADDED from src\main\AndroidManifest.xml:104:13-66
activity#com.jrmf360.rplib.ui.TransDetailActivity
ADDED from src\main\AndroidManifest.xml:107:9-109:76
	android:configChanges
		ADDED from src\main\AndroidManifest.xml:109:13-74
	android:name
		ADDED from src\main\AndroidManifest.xml:108:13-68
activity#com.jrmf360.rplib.ui.WebViewActivity
ADDED from src\main\AndroidManifest.xml:111:9-113:76
	android:configChanges
		ADDED from src\main\AndroidManifest.xml:113:13-74
	android:name
		ADDED from src\main\AndroidManifest.xml:112:13-64
activity#com.alipay.sdk.app.H5PayActivity
ADDED from src\main\AndroidManifest.xml:117:9-122:69
	android:screenOrientation
		ADDED from src\main\AndroidManifest.xml:121:13-47
	android:windowSoftInputMode
		ADDED from src\main\AndroidManifest.xml:122:13-67
	android:exported
		ADDED from src\main\AndroidManifest.xml:120:13-37
	android:configChanges
		ADDED from src\main\AndroidManifest.xml:119:13-85
	android:name
		ADDED from src\main\AndroidManifest.xml:118:13-60
activity#com.alipay.sdk.app.H5AuthActivity
ADDED from src\main\AndroidManifest.xml:123:9-128:69
	android:screenOrientation
		ADDED from src\main\AndroidManifest.xml:127:13-47
	android:windowSoftInputMode
		ADDED from src\main\AndroidManifest.xml:128:13-67
	android:exported
		ADDED from src\main\AndroidManifest.xml:126:13-37
	android:configChanges
		ADDED from src\main\AndroidManifest.xml:125:13-74
	android:name
		ADDED from src\main\AndroidManifest.xml:124:13-61
uses-sdk
INJECTED from src\main\AndroidManifest.xml reason: use-sdk injection requested
INJECTED from src\main\AndroidManifest.xml
INJECTED from src\main\AndroidManifest.xml
INJECTED from src\main\AndroidManifest.xml
INJECTED from src\main\AndroidManifest.xml
	android:targetSdkVersion
		INJECTED from src\main\AndroidManifest.xml
		ADDED from src\main\AndroidManifest.xml
		INJECTED from src\main\AndroidManifest.xml
	android:minSdkVersion
		INJECTED from src\main\AndroidManifest.xml
		ADDED from src\main\AndroidManifest.xml
		INJECTED from src\main\AndroidManifest.xml